c:\users\koenv_000\documents\programming\of_v0.10.0_vs2017_release\apps\myapps\starfield\obj\release\vc141.pdb
c:\users\koenv_000\documents\programming\of_v0.10.0_vs2017_release\apps\myapps\addons\ofxxmlsettings\src\ofxxmlsettings.obj
c:\users\koenv_000\documents\programming\of_v0.10.0_vs2017_release\apps\myapps\addons\ofxxmlsettings\libs\tinyxmlparser.obj
c:\users\koenv_000\documents\programming\of_v0.10.0_vs2017_release\apps\myapps\addons\ofxxmlsettings\libs\tinyxmlerror.obj
c:\users\koenv_000\documents\programming\of_v0.10.0_vs2017_release\apps\myapps\addons\ofxxmlsettings\libs\tinyxml.obj
c:\users\koenv_000\documents\programming\of_v0.10.0_vs2017_release\apps\myapps\starfield\obj\release\src\main.obj
c:\users\koenv_000\documents\programming\of_v0.10.0_vs2017_release\apps\myapps\starfield\obj\release\src\ofapp.obj
c:\users\koenv_000\documents\programming\of_v0.10.0_vs2017_release\apps\myapps\starfield\obj\release\src\star.obj
c:\users\koenv_000\documents\programming\of_v0.10.0_vs2017_release\apps\myapps\addons\ofxgui\src\ofxbutton.obj
c:\users\koenv_000\documents\programming\of_v0.10.0_vs2017_release\apps\myapps\addons\ofxgui\src\ofxinputfield.obj
c:\users\koenv_000\documents\programming\of_v0.10.0_vs2017_release\apps\myapps\addons\ofxgui\src\ofxcolorpicker.obj
c:\users\koenv_000\documents\programming\of_v0.10.0_vs2017_release\apps\myapps\addons\ofxgui\src\ofxlabel.obj
c:\users\koenv_000\documents\programming\of_v0.10.0_vs2017_release\apps\myapps\addons\ofxgui\src\ofxtoggle.obj
c:\users\koenv_000\documents\programming\of_v0.10.0_vs2017_release\apps\myapps\addons\ofxgui\src\ofxguigroup.obj
c:\users\koenv_000\documents\programming\of_v0.10.0_vs2017_release\apps\myapps\addons\ofxgui\src\ofxslider.obj
c:\users\koenv_000\documents\programming\of_v0.10.0_vs2017_release\apps\myapps\addons\ofxgui\src\ofxbasegui.obj
c:\users\koenv_000\documents\programming\of_v0.10.0_vs2017_release\apps\myapps\addons\ofxgui\src\ofxpanel.obj
c:\users\koenv_000\documents\programming\of_v0.10.0_vs2017_release\apps\myapps\addons\ofxgui\src\ofxslidergroup.obj
c:\users\koenv_000\documents\programming\of_v0.10.0_vs2017_release\apps\myapps\starfield\obj\release\icon.res
c:\users\koenv_000\documents\programming\of_v0.10.0_vs2017_release\apps\myapps\starfield\bin\starfield.lib
c:\users\koenv_000\documents\programming\of_v0.10.0_vs2017_release\apps\myapps\starfield\bin\starfield.exp
c:\users\koenv_000\documents\programming\of_v0.10.0_vs2017_release\apps\myapps\starfield\bin\starfield.ipdb
c:\users\koenv_000\documents\programming\of_v0.10.0_vs2017_release\apps\myapps\starfield\bin\starfield.iobj
c:\users\koenv_000\documents\programming\of_v0.10.0_vs2017_release\apps\myapps\starfield\obj\release\starfield.tlog\cl.command.1.tlog
c:\users\koenv_000\documents\programming\of_v0.10.0_vs2017_release\apps\myapps\starfield\obj\release\starfield.tlog\cl.read.1.tlog
c:\users\koenv_000\documents\programming\of_v0.10.0_vs2017_release\apps\myapps\starfield\obj\release\starfield.tlog\cl.write.1.tlog
c:\users\koenv_000\documents\programming\of_v0.10.0_vs2017_release\apps\myapps\starfield\obj\release\starfield.tlog\link.command.1.tlog
c:\users\koenv_000\documents\programming\of_v0.10.0_vs2017_release\apps\myapps\starfield\obj\release\starfield.tlog\link.read.1.tlog
c:\users\koenv_000\documents\programming\of_v0.10.0_vs2017_release\apps\myapps\starfield\obj\release\starfield.tlog\link.write.1.tlog
c:\users\koenv_000\documents\programming\of_v0.10.0_vs2017_release\apps\myapps\starfield\obj\release\starfield.tlog\rc.command.1.tlog
c:\users\koenv_000\documents\programming\of_v0.10.0_vs2017_release\apps\myapps\starfield\obj\release\starfield.tlog\rc.read.1.tlog
c:\users\koenv_000\documents\programming\of_v0.10.0_vs2017_release\apps\myapps\starfield\obj\release\starfield.tlog\rc.write.1.tlog
c:\users\koenv_000\documents\programming\of_v0.10.0_vs2017_release\apps\myapps\starfield\obj\release\starfield.tlog\starfield.write.1u.tlog
